0 info it worked if it ends with ok
1 verbose cli [ 'E:\\就业课本\\移动外部\\ndjs\\node.exe',
1 verbose cli   'E:\\就业课本\\移动外部\\ndjs\\node_modules\\npm\\bin\\npm-cli.js',
1 verbose cli   'install',
1 verbose cli   'gulp',
1 verbose cli   '--global' ]
2 info using npm@3.3.12
3 info using node@v5.2.0
4 silly loadCurrentTree Starting
5 silly install loadCurrentTree
6 silly install readGlobalPackageData
7 silly fetchPackageMetaData gulp
8 silly fetchNamedPackageData gulp
9 silly mapToRegistry name gulp
10 silly mapToRegistry using default registry
11 silly mapToRegistry registry https://registry.npmjs.org/
12 silly mapToRegistry uri https://registry.npmjs.org/gulp
13 verbose request uri https://registry.npmjs.org/gulp
14 verbose request no auth needed
15 info attempt registry request try #1 at 15:02:20
16 verbose request id 9fc1dba49f76b529
17 http request GET https://registry.npmjs.org/gulp
18 http 200 https://registry.npmjs.org/gulp
19 verbose headers { server: 'nginx/1.10.1',
19 verbose headers   'content-type': 'application/json',
19 verbose headers   'last-modified': 'Tue, 08 Aug 2017 06:44:25 GMT',
19 verbose headers   etag: 'W/"59895dc9-1d75b"',
19 verbose headers   'content-encoding': 'gzip',
19 verbose headers   'cache-control': 'max-age=300',
19 verbose headers   'content-length': '18072',
19 verbose headers   'accept-ranges': 'bytes',
19 verbose headers   date: 'Tue, 08 Aug 2017 07:02:06 GMT',
19 verbose headers   via: '1.1 varnish',
19 verbose headers   age: '140',
19 verbose headers   connection: 'keep-alive',
19 verbose headers   'x-served-by': 'cache-nrt6123-NRT',
19 verbose headers   'x-cache': 'HIT',
19 verbose headers   'x-cache-hits': '4',
19 verbose headers   'x-timer': 'S1502175727.777732,VS0,VE0',
19 verbose headers   vary: 'Accept-Encoding, Accept' }
20 silly get cb [ 200,
20 silly get   { server: 'nginx/1.10.1',
20 silly get     'content-type': 'application/json',
20 silly get     'last-modified': 'Tue, 08 Aug 2017 06:44:25 GMT',
20 silly get     etag: 'W/"59895dc9-1d75b"',
20 silly get     'content-encoding': 'gzip',
20 silly get     'cache-control': 'max-age=300',
20 silly get     'content-length': '18072',
20 silly get     'accept-ranges': 'bytes',
20 silly get     date: 'Tue, 08 Aug 2017 07:02:06 GMT',
20 silly get     via: '1.1 varnish',
20 silly get     age: '140',
20 silly get     connection: 'keep-alive',
20 silly get     'x-served-by': 'cache-nrt6123-NRT',
20 silly get     'x-cache': 'HIT',
20 silly get     'x-cache-hits': '4',
20 silly get     'x-timer': 'S1502175727.777732,VS0,VE0',
20 silly get     vary: 'Accept-Encoding, Accept' } ]
21 verbose get saving gulp to C:\Users\Administrator\AppData\Roaming\npm-cache\registry.npmjs.org\gulp\.cache.json
22 silly install normalizeTree
23 silly loadCurrentTree Finishing
24 silly loadIdealTree Starting
25 silly install loadIdealTree
26 silly cloneCurrentTree Starting
27 silly install cloneCurrentTreeToIdealTree
28 silly cloneCurrentTree Finishing
29 silly loadShrinkwrap Starting
30 silly install loadShrinkwrap
31 silly loadShrinkwrap Finishing
32 silly loadAllDepsIntoIdealTree Starting
33 silly install loadAllDepsIntoIdealTree
34 silly resolveWithNewModule gulp@3.9.1 checking installable status
35 silly cache add args [ 'gulp', null ]
36 verbose cache add spec gulp
37 silly cache add parsed spec Result {
37 silly cache add   raw: 'gulp',
37 silly cache add   scope: null,
37 silly cache add   name: 'gulp',
37 silly cache add   rawSpec: '',
37 silly cache add   spec: '*',
37 silly cache add   type: 'range' }
38 silly addNamed gulp@*
39 verbose addNamed "*" is a valid semver range for gulp
40 silly addNameRange { name: 'gulp', range: '*', hasData: false }
41 silly mapToRegistry name gulp
42 silly mapToRegistry using default registry
43 silly mapToRegistry registry https://registry.npmjs.org/
44 silly mapToRegistry uri https://registry.npmjs.org/gulp
45 verbose addNameRange registry:https://registry.npmjs.org/gulp not in flight; fetching
46 verbose get https://registry.npmjs.org/gulp not expired, no request
47 silly addNameRange number 2 { name: 'gulp', range: '*', hasData: true }
48 silly addNameRange versions [ 'gulp',
48 silly addNameRange   [ '0.0.1',
48 silly addNameRange     '0.0.2',
48 silly addNameRange     '0.0.3',
48 silly addNameRange     '0.0.4',
48 silly addNameRange     '0.0.5',
48 silly addNameRange     '0.0.7',
48 silly addNameRange     '0.0.8',
48 silly addNameRange     '0.0.9',
48 silly addNameRange     '0.1.0',
48 silly addNameRange     '0.2.0',
48 silly addNameRange     '1.0.0',
48 silly addNameRange     '1.1.0',
48 silly addNameRange     '1.2.0',
48 silly addNameRange     '1.2.1',
48 silly addNameRange     '2.0.0',
48 silly addNameRange     '2.0.1',
48 silly addNameRange     '2.1.0',
48 silly addNameRange     '2.2.0',
48 silly addNameRange     '2.3.0',
48 silly addNameRange     '2.4.0',
48 silly addNameRange     '2.4.1',
48 silly addNameRange     '2.6.0',
48 silly addNameRange     '2.6.1',
48 silly addNameRange     '2.7.0',
48 silly addNameRange     '3.0.0',
48 silly addNameRange     '3.1.1',
48 silly addNameRange     '3.1.2',
48 silly addNameRange     '3.1.3',
48 silly addNameRange     '3.1.4',
48 silly addNameRange     '3.2.0',
48 silly addNameRange     '3.2.1',
48 silly addNameRange     '3.2.2',
48 silly addNameRange     '3.2.3',
48 silly addNameRange     '3.2.4',
48 silly addNameRange     '3.2.5',
48 silly addNameRange     '3.3.0',
48 silly addNameRange     '3.3.1',
48 silly addNameRange     '3.3.2',
48 silly addNameRange     '3.3.4',
48 silly addNameRange     '3.4.0',
48 silly addNameRange     '3.5.0',
48 silly addNameRange     '3.5.1',
48 silly addNameRange     '3.5.2',
48 silly addNameRange     '3.5.5',
48 silly addNameRange     '3.5.6',
48 silly addNameRange     '3.6.0',
48 silly addNameRange     '3.6.1',
48 silly addNameRange     '3.6.2',
48 silly addNameRange     '3.7.0',
48 silly addNameRange     '3.8.0',
48 silly addNameRange     '3.8.1',
48 silly addNameRange     '3.8.2',
48 silly addNameRange     '3.8.3',
48 silly addNameRange     '3.8.4',
48 silly addNameRange     '3.8.5',
48 silly addNameRange     '3.8.6',
48 silly addNameRange     '3.8.7',
48 silly addNameRange     '3.8.8',
48 silly addNameRange     '3.8.9',
48 silly addNameRange     '3.8.10',
48 silly addNameRange     '3.8.11',
48 silly addNameRange     '3.9.0',
48 silly addNameRange     '3.9.1' ] ]
49 silly addNamed gulp@3.9.1
50 verbose addNamed "3.9.1" is a plain semver version for gulp
51 silly mapToRegistry name gulp
52 silly mapToRegistry using default registry
53 silly mapToRegistry registry https://registry.npmjs.org/
54 silly mapToRegistry uri https://registry.npmjs.org/gulp
55 verbose addRemoteTarball https://registry.npmjs.org/gulp/-/gulp-3.9.1.tgz not in flight; adding
56 verbose addRemoteTarball [ 'https://registry.npmjs.org/gulp/-/gulp-3.9.1.tgz',
56 verbose addRemoteTarball   '571ce45928dd40af6514fc4011866016c13845b4' ]
57 info retry fetch attempt 1 at 15:02:32
58 info attempt registry request try #1 at 15:02:32
59 http fetch GET https://registry.npmjs.org/gulp/-/gulp-3.9.1.tgz
60 http fetch 200 https://registry.npmjs.org/gulp/-/gulp-3.9.1.tgz
61 silly fetchAndShaCheck shasum 571ce45928dd40af6514fc4011866016c13845b4
62 verbose addTmpTarball C:\Users\ADMINI~1\AppData\Local\Temp\npm-7556-eeb7b29b\registry.npmjs.org\gulp\-\gulp-3.9.1.tgz not in flight; adding
63 verbose addTmpTarball already have metadata; skipping unpack for gulp@3.9.1
64 silly cache afterAdd gulp@3.9.1
65 verbose afterAdd C:\Users\Administrator\AppData\Roaming\npm-cache\gulp\3.9.1\package\package.json not in flight; writing
66 verbose afterAdd C:\Users\Administrator\AppData\Roaming\npm-cache\gulp\3.9.1\package\package.json written
67 silly fetchNamedPackageData archy
68 silly mapToRegistry name archy
69 silly mapToRegistry using default registry
70 silly mapToRegistry registry https://registry.npmjs.org/
71 silly mapToRegistry uri https://registry.npmjs.org/archy
72 silly fetchNamedPackageData chalk
73 silly mapToRegistry name chalk
74 silly mapToRegistry using default registry
75 silly mapToRegistry registry https://registry.npmjs.org/
76 silly mapToRegistry uri https://registry.npmjs.org/chalk
77 silly fetchNamedPackageData deprecated
78 silly mapToRegistry name deprecated
79 silly mapToRegistry using default registry
80 silly mapToRegistry registry https://registry.npmjs.org/
81 silly mapToRegistry uri https://registry.npmjs.org/deprecated
82 silly fetchNamedPackageData gulp-util
83 silly mapToRegistry name gulp-util
84 silly mapToRegistry using default registry
85 silly mapToRegistry registry https://registry.npmjs.org/
86 silly mapToRegistry uri https://registry.npmjs.org/gulp-util
87 silly fetchNamedPackageData interpret
88 silly mapToRegistry name interpret
89 silly mapToRegistry using default registry
90 silly mapToRegistry registry https://registry.npmjs.org/
91 silly mapToRegistry uri https://registry.npmjs.org/interpret
92 silly fetchNamedPackageData liftoff
93 silly mapToRegistry name liftoff
94 silly mapToRegistry using default registry
95 silly mapToRegistry registry https://registry.npmjs.org/
96 silly mapToRegistry uri https://registry.npmjs.org/liftoff
97 silly fetchNamedPackageData minimist
98 silly mapToRegistry name minimist
99 silly mapToRegistry using default registry
100 silly mapToRegistry registry https://registry.npmjs.org/
101 silly mapToRegistry uri https://registry.npmjs.org/minimist
102 silly fetchNamedPackageData orchestrator
103 silly mapToRegistry name orchestrator
104 silly mapToRegistry using default registry
105 silly mapToRegistry registry https://registry.npmjs.org/
106 silly mapToRegistry uri https://registry.npmjs.org/orchestrator
107 silly fetchNamedPackageData pretty-hrtime
108 silly mapToRegistry name pretty-hrtime
109 silly mapToRegistry using default registry
110 silly mapToRegistry registry https://registry.npmjs.org/
111 silly mapToRegistry uri https://registry.npmjs.org/pretty-hrtime
112 silly fetchNamedPackageData semver
113 silly mapToRegistry name semver
114 silly mapToRegistry using default registry
115 silly mapToRegistry registry https://registry.npmjs.org/
116 silly mapToRegistry uri https://registry.npmjs.org/semver
117 silly fetchNamedPackageData tildify
118 silly mapToRegistry name tildify
119 silly mapToRegistry using default registry
120 silly mapToRegistry registry https://registry.npmjs.org/
121 silly mapToRegistry uri https://registry.npmjs.org/tildify
122 silly fetchNamedPackageData v8flags
123 silly mapToRegistry name v8flags
124 silly mapToRegistry using default registry
125 silly mapToRegistry registry https://registry.npmjs.org/
126 silly mapToRegistry uri https://registry.npmjs.org/v8flags
127 silly fetchNamedPackageData vinyl-fs
128 silly mapToRegistry name vinyl-fs
129 silly mapToRegistry using default registry
130 silly mapToRegistry registry https://registry.npmjs.org/
131 silly mapToRegistry uri https://registry.npmjs.org/vinyl-fs
132 verbose request uri https://registry.npmjs.org/archy
133 verbose request no auth needed
134 info attempt registry request try #1 at 15:02:41
135 http request GET https://registry.npmjs.org/archy
136 verbose request uri https://registry.npmjs.org/chalk
137 verbose request no auth needed
138 info attempt registry request try #1 at 15:02:41
139 http request GET https://registry.npmjs.org/chalk
140 verbose request uri https://registry.npmjs.org/deprecated
141 verbose request no auth needed
142 info attempt registry request try #1 at 15:02:41
143 http request GET https://registry.npmjs.org/deprecated
144 verbose request uri https://registry.npmjs.org/gulp-util
145 verbose request no auth needed
146 info attempt registry request try #1 at 15:02:41
147 http request GET https://registry.npmjs.org/gulp-util
148 verbose request uri https://registry.npmjs.org/interpret
149 verbose request no auth needed
150 info attempt registry request try #1 at 15:02:41
151 http request GET https://registry.npmjs.org/interpret
152 verbose request uri https://registry.npmjs.org/liftoff
153 verbose request no auth needed
154 info attempt registry request try #1 at 15:02:41
155 http request GET https://registry.npmjs.org/liftoff
156 verbose request uri https://registry.npmjs.org/minimist
157 verbose request no auth needed
158 info attempt registry request try #1 at 15:02:41
159 http request GET https://registry.npmjs.org/minimist
160 verbose request uri https://registry.npmjs.org/orchestrator
161 verbose request no auth needed
162 info attempt registry request try #1 at 15:02:41
163 http request GET https://registry.npmjs.org/orchestrator
164 verbose request uri https://registry.npmjs.org/pretty-hrtime
165 verbose request no auth needed
166 info attempt registry request try #1 at 15:02:41
167 http request GET https://registry.npmjs.org/pretty-hrtime
168 verbose request uri https://registry.npmjs.org/semver
169 verbose request no auth needed
170 info attempt registry request try #1 at 15:02:41
171 http request GET https://registry.npmjs.org/semver
172 verbose request uri https://registry.npmjs.org/tildify
173 verbose request no auth needed
174 info attempt registry request try #1 at 15:02:41
175 http request GET https://registry.npmjs.org/tildify
176 verbose request uri https://registry.npmjs.org/v8flags
177 verbose request no auth needed
178 info attempt registry request try #1 at 15:02:41
179 http request GET https://registry.npmjs.org/v8flags
180 verbose request uri https://registry.npmjs.org/vinyl-fs
181 verbose request no auth needed
182 info attempt registry request try #1 at 15:02:41
183 http request GET https://registry.npmjs.org/vinyl-fs
184 http 200 https://registry.npmjs.org/pretty-hrtime
185 verbose headers { server: 'nginx/1.10.1',
185 verbose headers   'content-type': 'application/json',
185 verbose headers   'last-modified': 'Sat, 29 Jul 2017 02:46:57 GMT',
185 verbose headers   etag: 'W/"597bf721-2ad7"',
185 verbose headers   'content-encoding': 'gzip',
185 verbose headers   'cache-control': 'max-age=300',
185 verbose headers   'content-length': '2734',
185 verbose headers   'accept-ranges': 'bytes',
185 verbose headers   date: 'Tue, 08 Aug 2017 07:02:22 GMT',
185 verbose headers   via: '1.1 varnish',
185 verbose headers   age: '235',
185 verbose headers   connection: 'keep-alive',
185 verbose headers   'x-served-by': 'cache-nrt6128-NRT',
185 verbose headers   'x-cache': 'HIT',
185 verbose headers   'x-cache-hits': '5',
185 verbose headers   'x-timer': 'S1502175742.374071,VS0,VE0',
185 verbose headers   vary: 'Accept-Encoding, Accept' }
186 silly get cb [ 200,
186 silly get   { server: 'nginx/1.10.1',
186 silly get     'content-type': 'application/json',
186 silly get     'last-modified': 'Sat, 29 Jul 2017 02:46:57 GMT',
186 silly get     etag: 'W/"597bf721-2ad7"',
186 silly get     'content-encoding': 'gzip',
186 silly get     'cache-control': 'max-age=300',
186 silly get     'content-length': '2734',
186 silly get     'accept-ranges': 'bytes',
186 silly get     date: 'Tue, 08 Aug 2017 07:02:22 GMT',
186 silly get     via: '1.1 varnish',
186 silly get     age: '235',
186 silly get     connection: 'keep-alive',
186 silly get     'x-served-by': 'cache-nrt6128-NRT',
186 silly get     'x-cache': 'HIT',
186 silly get     'x-cache-hits': '5',
186 silly get     'x-timer': 'S1502175742.374071,VS0,VE0',
186 silly get     vary: 'Accept-Encoding, Accept' } ]
187 verbose get saving pretty-hrtime to C:\Users\Administrator\AppData\Roaming\npm-cache\registry.npmjs.org\pretty-hrtime\.cache.json
188 silly resolveWithNewModule pretty-hrtime@1.0.3 checking installable status
189 silly cache add args [ 'pretty-hrtime@^1.0.0', null ]
190 verbose cache add spec pretty-hrtime@^1.0.0
191 silly cache add parsed spec Result {
191 silly cache add   raw: 'pretty-hrtime@^1.0.0',
191 silly cache add   scope: null,
191 silly cache add   name: 'pretty-hrtime',
191 silly cache add   rawSpec: '^1.0.0',
191 silly cache add   spec: '>=1.0.0 <2.0.0',
191 silly cache add   type: 'range' }
192 silly addNamed pretty-hrtime@>=1.0.0 <2.0.0
193 verbose addNamed ">=1.0.0 <2.0.0" is a valid semver range for pretty-hrtime
194 silly addNameRange { name: 'pretty-hrtime',
194 silly addNameRange   range: '>=1.0.0 <2.0.0',
194 silly addNameRange   hasData: false }
195 silly mapToRegistry name pretty-hrtime
196 silly mapToRegistry using default registry
197 silly mapToRegistry registry https://registry.npmjs.org/
198 silly mapToRegistry uri https://registry.npmjs.org/pretty-hrtime
199 verbose addNameRange registry:https://registry.npmjs.org/pretty-hrtime not in flight; fetching
200 http 200 https://registry.npmjs.org/v8flags
201 verbose headers { server: 'nginx/1.10.1',
201 verbose headers   'content-type': 'application/json',
201 verbose headers   'last-modified': 'Fri, 14 Jul 2017 19:13:53 GMT',
201 verbose headers   etag: 'W/"596917f1-89cb"',
201 verbose headers   'content-encoding': 'gzip',
201 verbose headers   'cache-control': 'max-age=300',
201 verbose headers   'content-length': '4854',
201 verbose headers   'accept-ranges': 'bytes',
201 verbose headers   date: 'Tue, 08 Aug 2017 07:02:22 GMT',
201 verbose headers   via: '1.1 varnish',
201 verbose headers   age: '245',
201 verbose headers   connection: 'keep-alive',
201 verbose headers   'x-served-by': 'cache-nrt6129-NRT',
201 verbose headers   'x-cache': 'HIT',
201 verbose headers   'x-cache-hits': '4',
201 verbose headers   'x-timer': 'S1502175742.052963,VS0,VE0',
201 verbose headers   vary: 'Accept-Encoding, Accept' }
202 silly get cb [ 200,
202 silly get   { server: 'nginx/1.10.1',
202 silly get     'content-type': 'application/json',
202 silly get     'last-modified': 'Fri, 14 Jul 2017 19:13:53 GMT',
202 silly get     etag: 'W/"596917f1-89cb"',
202 silly get     'content-encoding': 'gzip',
202 silly get     'cache-control': 'max-age=300',
202 silly get     'content-length': '4854',
202 silly get     'accept-ranges': 'bytes',
202 silly get     date: 'Tue, 08 Aug 2017 07:02:22 GMT',
202 silly get     via: '1.1 varnish',
202 silly get     age: '245',
202 silly get     connection: 'keep-alive',
202 silly get     'x-served-by': 'cache-nrt6129-NRT',
202 silly get     'x-cache': 'HIT',
202 silly get     'x-cache-hits': '4',
202 silly get     'x-timer': 'S1502175742.052963,VS0,VE0',
202 silly get     vary: 'Accept-Encoding, Accept' } ]
203 verbose get saving v8flags to C:\Users\Administrator\AppData\Roaming\npm-cache\registry.npmjs.org\v8flags\.cache.json
204 verbose get https://registry.npmjs.org/pretty-hrtime not expired, no request
205 silly addNameRange number 2 { name: 'pretty-hrtime', range: '>=1.0.0 <2.0.0', hasData: true }
206 silly addNameRange versions [ 'pretty-hrtime',
206 silly addNameRange   [ '0.2.0', '0.2.1', '0.2.2', '1.0.0', '1.0.1', '1.0.2', '1.0.3' ] ]
207 silly addNamed pretty-hrtime@1.0.3
208 verbose addNamed "1.0.3" is a plain semver version for pretty-hrtime
209 silly mapToRegistry name pretty-hrtime
210 silly mapToRegistry using default registry
211 silly mapToRegistry registry https://registry.npmjs.org/
212 silly mapToRegistry uri https://registry.npmjs.org/pretty-hrtime
213 verbose addRemoteTarball https://registry.npmjs.org/pretty-hrtime/-/pretty-hrtime-1.0.3.tgz not in flight; adding
214 verbose addRemoteTarball [ 'https://registry.npmjs.org/pretty-hrtime/-/pretty-hrtime-1.0.3.tgz',
214 verbose addRemoteTarball   'b7e3ea42435a4c9b2759d99e0f201eb195802ee1' ]
215 info retry fetch attempt 1 at 15:02:43
216 info attempt registry request try #1 at 15:02:43
217 http fetch GET https://registry.npmjs.org/pretty-hrtime/-/pretty-hrtime-1.0.3.tgz
218 silly resolveWithNewModule v8flags@2.1.1 checking installable status
219 silly cache add args [ 'v8flags@^2.0.2', null ]
220 verbose cache add spec v8flags@^2.0.2
221 silly cache add parsed spec Result {
221 silly cache add   raw: 'v8flags@^2.0.2',
221 silly cache add   scope: null,
221 silly cache add   name: 'v8flags',
221 silly cache add   rawSpec: '^2.0.2',
221 silly cache add   spec: '>=2.0.2 <3.0.0',
221 silly cache add   type: 'range' }
222 silly addNamed v8flags@>=2.0.2 <3.0.0
223 verbose addNamed ">=2.0.2 <3.0.0" is a valid semver range for v8flags
224 silly addNameRange { name: 'v8flags', range: '>=2.0.2 <3.0.0', hasData: false }
225 silly mapToRegistry name v8flags
226 silly mapToRegistry using default registry
227 silly mapToRegistry registry https://registry.npmjs.org/
228 silly mapToRegistry uri https://registry.npmjs.org/v8flags
229 verbose addNameRange registry:https://registry.npmjs.org/v8flags not in flight; fetching
230 http 200 https://registry.npmjs.org/archy
231 verbose headers { server: 'nginx/1.10.1',
231 verbose headers   'content-type': 'application/json',
231 verbose headers   'last-modified': 'Thu, 09 Feb 2017 03:49:22 GMT',
231 verbose headers   etag: 'W/"589be6c2-1b87"',
231 verbose headers   'content-encoding': 'gzip',
231 verbose headers   'cache-control': 'max-age=300',
231 verbose headers   'content-length': '1973',
231 verbose headers   'accept-ranges': 'bytes',
231 verbose headers   date: 'Tue, 08 Aug 2017 07:02:21 GMT',
231 verbose headers   via: '1.1 varnish',
231 verbose headers   age: '234',
231 verbose headers   connection: 'keep-alive',
231 verbose headers   'x-served-by': 'cache-nrt6129-NRT',
231 verbose headers   'x-cache': 'HIT',
231 verbose headers   'x-cache-hits': '3',
231 verbose headers   'x-timer': 'S1502175741.343780,VS0,VE0',
231 verbose headers   vary: 'Accept-Encoding, Accept' }
232 silly get cb [ 200,
232 silly get   { server: 'nginx/1.10.1',
232 silly get     'content-type': 'application/json',
232 silly get     'last-modified': 'Thu, 09 Feb 2017 03:49:22 GMT',
232 silly get     etag: 'W/"589be6c2-1b87"',
232 silly get     'content-encoding': 'gzip',
232 silly get     'cache-control': 'max-age=300',
232 silly get     'content-length': '1973',
232 silly get     'accept-ranges': 'bytes',
232 silly get     date: 'Tue, 08 Aug 2017 07:02:21 GMT',
232 silly get     via: '1.1 varnish',
232 silly get     age: '234',
232 silly get     connection: 'keep-alive',
232 silly get     'x-served-by': 'cache-nrt6129-NRT',
232 silly get     'x-cache': 'HIT',
232 silly get     'x-cache-hits': '3',
232 silly get     'x-timer': 'S1502175741.343780,VS0,VE0',
232 silly get     vary: 'Accept-Encoding, Accept' } ]
233 verbose get saving archy to C:\Users\Administrator\AppData\Roaming\npm-cache\registry.npmjs.org\archy\.cache.json
234 verbose get https://registry.npmjs.org/v8flags not expired, no request
235 silly addNameRange number 2 { name: 'v8flags', range: '>=2.0.2 <3.0.0', hasData: true }
236 silly addNameRange versions [ 'v8flags',
236 silly addNameRange   [ '0.1.0',
236 silly addNameRange     '0.2.0',
236 silly addNameRange     '0.3.0',
236 silly addNameRange     '1.0.0',
236 silly addNameRange     '1.0.1',
236 silly addNameRange     '1.0.2',
236 silly addNameRange     '1.0.3',
236 silly addNameRange     '1.0.4',
236 silly addNameRange     '1.0.5',
236 silly addNameRange     '1.0.6',
236 silly addNameRange     '1.0.7',
236 silly addNameRange     '1.0.8',
236 silly addNameRange     '2.0.0',
236 silly addNameRange     '2.0.2',
236 silly addNameRange     '2.0.3',
236 silly addNameRange     '2.0.4',
236 silly addNameRange     '2.0.5',
236 silly addNameRange     '2.0.6',
236 silly addNameRange     '2.0.7',
236 silly addNameRange     '2.0.8',
236 silly addNameRange     '2.0.9',
236 silly addNameRange     '2.0.10',
236 silly addNameRange     '2.0.11',
236 silly addNameRange     '2.0.12',
236 silly addNameRange     '2.1.0',
236 silly addNameRange     '2.1.1',
236 silly addNameRange     '3.0.0' ] ]
237 silly addNamed v8flags@2.1.1
238 verbose addNamed "2.1.1" is a plain semver version for v8flags
239 silly mapToRegistry name v8flags
240 silly mapToRegistry using default registry
241 silly mapToRegistry registry https://registry.npmjs.org/
242 silly mapToRegistry uri https://registry.npmjs.org/v8flags
243 verbose addRemoteTarball https://registry.npmjs.org/v8flags/-/v8flags-2.1.1.tgz not in flight; adding
244 verbose addRemoteTarball [ 'https://registry.npmjs.org/v8flags/-/v8flags-2.1.1.tgz',
244 verbose addRemoteTarball   'aab1a1fa30d45f88dd321148875ac02c0b55e5b4' ]
245 info retry fetch attempt 1 at 15:02:43
246 info attempt registry request try #1 at 15:02:43
247 http fetch GET https://registry.npmjs.org/v8flags/-/v8flags-2.1.1.tgz
248 silly resolveWithNewModule archy@1.0.0 checking installable status
249 silly cache add args [ 'archy@^1.0.0', null ]
250 verbose cache add spec archy@^1.0.0
251 silly cache add parsed spec Result {
251 silly cache add   raw: 'archy@^1.0.0',
251 silly cache add   scope: null,
251 silly cache add   name: 'archy',
251 silly cache add   rawSpec: '^1.0.0',
251 silly cache add   spec: '>=1.0.0 <2.0.0',
251 silly cache add   type: 'range' }
252 silly addNamed archy@>=1.0.0 <2.0.0
253 verbose addNamed ">=1.0.0 <2.0.0" is a valid semver range for archy
254 silly addNameRange { name: 'archy', range: '>=1.0.0 <2.0.0', hasData: false }
255 silly mapToRegistry name archy
256 silly mapToRegistry using default registry
257 silly mapToRegistry registry https://registry.npmjs.org/
258 silly mapToRegistry uri https://registry.npmjs.org/archy
259 verbose addNameRange registry:https://registry.npmjs.org/archy not in flight; fetching
260 verbose get https://registry.npmjs.org/archy not expired, no request
261 silly addNameRange number 2 { name: 'archy', range: '>=1.0.0 <2.0.0', hasData: true }
262 silly addNameRange versions [ 'archy', [ '0.0.0', '0.0.1', '0.0.2', '1.0.0' ] ]
263 silly addNamed archy@1.0.0
264 verbose addNamed "1.0.0" is a plain semver version for archy
265 silly mapToRegistry name archy
266 silly mapToRegistry using default registry
267 silly mapToRegistry registry https://registry.npmjs.org/
268 silly mapToRegistry uri https://registry.npmjs.org/archy
269 verbose addRemoteTarball https://registry.npmjs.org/archy/-/archy-1.0.0.tgz not in flight; adding
270 verbose addRemoteTarball [ 'https://registry.npmjs.org/archy/-/archy-1.0.0.tgz',
270 verbose addRemoteTarball   'f9c8c13757cc1dd7bc379ac77b2c62a5c2868c40' ]
271 info retry fetch attempt 1 at 15:02:43
272 info attempt registry request try #1 at 15:02:43
273 http fetch GET https://registry.npmjs.org/archy/-/archy-1.0.0.tgz
274 http fetch 200 https://registry.npmjs.org/archy/-/archy-1.0.0.tgz
275 silly fetchAndShaCheck shasum f9c8c13757cc1dd7bc379ac77b2c62a5c2868c40
276 verbose addTmpTarball C:\Users\ADMINI~1\AppData\Local\Temp\npm-7556-eeb7b29b\registry.npmjs.org\archy\-\archy-1.0.0.tgz not in flight; adding
277 verbose addTmpTarball already have metadata; skipping unpack for archy@1.0.0
278 silly cache afterAdd archy@1.0.0
279 verbose afterAdd C:\Users\Administrator\AppData\Roaming\npm-cache\archy\1.0.0\package\package.json not in flight; writing
280 verbose afterAdd C:\Users\Administrator\AppData\Roaming\npm-cache\archy\1.0.0\package\package.json written
281 http 200 https://registry.npmjs.org/semver
282 verbose headers { server: 'nginx/1.10.3',
282 verbose headers   'content-type': 'application/json',
282 verbose headers   'last-modified': 'Mon, 07 Aug 2017 05:34:53 GMT',
282 verbose headers   etag: 'W/"5987fbfd-126b0"',
282 verbose headers   'content-encoding': 'gzip',
282 verbose headers   'cache-control': 'max-age=300',
282 verbose headers   'content-length': '12888',
282 verbose headers   'accept-ranges': 'bytes',
282 verbose headers   date: 'Tue, 08 Aug 2017 07:02:21 GMT',
282 verbose headers   via: '1.1 varnish',
282 verbose headers   age: '272',
282 verbose headers   connection: 'keep-alive',
282 verbose headers   'x-served-by': 'cache-nrt6134-NRT',
282 verbose headers   'x-cache': 'HIT',
282 verbose headers   'x-cache-hits': '22',
282 verbose headers   'x-timer': 'S1502175741.349052,VS0,VE0',
282 verbose headers   vary: 'Accept-Encoding, Accept' }
283 silly get cb [ 200,
283 silly get   { server: 'nginx/1.10.3',
283 silly get     'content-type': 'application/json',
283 silly get     'last-modified': 'Mon, 07 Aug 2017 05:34:53 GMT',
283 silly get     etag: 'W/"5987fbfd-126b0"',
283 silly get     'content-encoding': 'gzip',
283 silly get     'cache-control': 'max-age=300',
283 silly get     'content-length': '12888',
283 silly get     'accept-ranges': 'bytes',
283 silly get     date: 'Tue, 08 Aug 2017 07:02:21 GMT',
283 silly get     via: '1.1 varnish',
283 silly get     age: '272',
283 silly get     connection: 'keep-alive',
283 silly get     'x-served-by': 'cache-nrt6134-NRT',
283 silly get     'x-cache': 'HIT',
283 silly get     'x-cache-hits': '22',
283 silly get     'x-timer': 'S1502175741.349052,VS0,VE0',
283 silly get     vary: 'Accept-Encoding, Accept' } ]
284 verbose get saving semver to C:\Users\Administrator\AppData\Roaming\npm-cache\registry.npmjs.org\semver\.cache.json
285 silly resolveWithNewModule semver@4.3.6 checking installable status
286 silly cache add args [ 'semver@^4.1.0', null ]
287 verbose cache add spec semver@^4.1.0
288 silly cache add parsed spec Result {
288 silly cache add   raw: 'semver@^4.1.0',
288 silly cache add   scope: null,
288 silly cache add   name: 'semver',
288 silly cache add   rawSpec: '^4.1.0',
288 silly cache add   spec: '>=4.1.0 <5.0.0',
288 silly cache add   type: 'range' }
289 silly addNamed semver@>=4.1.0 <5.0.0
290 verbose addNamed ">=4.1.0 <5.0.0" is a valid semver range for semver
291 silly addNameRange { name: 'semver', range: '>=4.1.0 <5.0.0', hasData: false }
292 silly mapToRegistry name semver
293 silly mapToRegistry using default registry
294 silly mapToRegistry registry https://registry.npmjs.org/
295 silly mapToRegistry uri https://registry.npmjs.org/semver
296 verbose addNameRange registry:https://registry.npmjs.org/semver not in flight; fetching
297 verbose get https://registry.npmjs.org/semver not expired, no request
298 silly addNameRange number 2 { name: 'semver', range: '>=4.1.0 <5.0.0', hasData: true }
299 silly addNameRange versions [ 'semver',
299 silly addNameRange   [ '1.0.0',
299 silly addNameRange     '1.0.1',
299 silly addNameRange     '1.0.2',
299 silly addNameRange     '1.0.3',
299 silly addNameRange     '1.0.4',
299 silly addNameRange     '1.0.5',
299 silly addNameRange     '1.0.6',
299 silly addNameRange     '1.0.7',
299 silly addNameRange     '1.0.8',
299 silly addNameRange     '1.0.9',
299 silly addNameRange     '1.0.10',
299 silly addNameRange     '1.0.11',
299 silly addNameRange     '1.0.12',
299 silly addNameRange     '1.0.13',
299 silly addNameRange     '1.0.14',
299 silly addNameRange     '1.1.0',
299 silly addNameRange     '1.1.1',
299 silly addNameRange     '1.1.2',
299 silly addNameRange     '1.1.3',
299 silly addNameRange     '1.1.4',
299 silly addNameRange     '2.0.0-alpha',
299 silly addNameRange     '2.0.0-beta',
299 silly addNameRange     '2.0.1',
299 silly addNameRange     '2.0.2',
299 silly addNameRange     '2.0.3',
299 silly addNameRange     '2.0.4',
299 silly addNameRange     '2.0.5',
299 silly addNameRange     '2.0.6',
299 silly addNameRange     '2.0.7',
299 silly addNameRange     '2.0.8',
299 silly addNameRange     '2.0.9',
299 silly addNameRange     '2.0.10',
299 silly addNameRange     '2.0.11',
299 silly addNameRange     '2.1.0',
299 silly addNameRange     '2.2.0',
299 silly addNameRange     '2.2.1',
299 silly addNameRange     '2.3.0',
299 silly addNameRange     '2.3.1',
299 silly addNameRange     '2.3.2',
299 silly addNameRange     '3.0.0',
299 silly addNameRange     '3.0.1',
299 silly addNameRange     '4.0.0',
299 silly addNameRange     '4.0.2',
299 silly addNameRange     '4.0.3',
299 silly addNameRange     '4.1.0',
299 silly addNameRange     '4.1.1',
299 silly addNameRange     '4.2.0',
299 silly addNameRange     '4.2.1',
299 silly addNameRange     '4.2.2',
299 silly addNameRange     '4.3.0',
299 silly addNameRange     '4.3.1',
299 silly addNameRange     '4.3.2',
299 silly addNameRange     '4.3.3',
299 silly addNameRange     '4.3.4',
299 silly addNameRange     '4.3.5',
299 silly addNameRange     '4.3.6',
299 silly addNameRange     '5.0.0',
299 silly addNameRange     '5.0.1',
299 silly addNameRange     '5.0.2',
299 silly addNameRange     '5.0.3',
299 silly addNameRange     '5.1.0',
299 silly addNameRange     '5.1.1',
299 silly addNameRange     '5.2.0',
299 silly addNameRange     '5.3.0',
299 silly addNameRange     '5.4.0',
299 silly addNameRange     '5.4.1' ] ]
300 silly addNamed semver@4.3.6
301 verbose addNamed "4.3.6" is a plain semver version for semver
302 silly mapToRegistry name semver
303 silly mapToRegistry using default registry
304 silly mapToRegistry registry https://registry.npmjs.org/
305 silly mapToRegistry uri https://registry.npmjs.org/semver
306 verbose addRemoteTarball https://registry.npmjs.org/semver/-/semver-4.3.6.tgz not in flight; adding
307 verbose addRemoteTarball [ 'https://registry.npmjs.org/semver/-/semver-4.3.6.tgz',
307 verbose addRemoteTarball   '300bc6e0e86374f7ba61068b5b1ecd57fc6532da' ]
308 info retry fetch attempt 1 at 15:02:44
309 info attempt registry request try #1 at 15:02:44
310 http fetch GET https://registry.npmjs.org/semver/-/semver-4.3.6.tgz
311 http 200 https://registry.npmjs.org/chalk
312 verbose headers { server: 'nginx/1.10.3',
312 verbose headers   'content-type': 'application/json',
312 verbose headers   'last-modified': 'Tue, 08 Aug 2017 01:54:17 GMT',
312 verbose headers   etag: 'W/"598919c9-b32b"',
312 verbose headers   'content-encoding': 'gzip',
312 verbose headers   'cache-control': 'max-age=300',
312 verbose headers   'content-length': '12114',
312 verbose headers   'accept-ranges': 'bytes',
312 verbose headers   date: 'Tue, 08 Aug 2017 07:02:21 GMT',
312 verbose headers   via: '1.1 varnish',
312 verbose headers   age: '113',
312 verbose headers   connection: 'keep-alive',
312 verbose headers   'x-served-by': 'cache-nrt6123-NRT',
312 verbose headers   'x-cache': 'HIT',
312 verbose headers   'x-cache-hits': '18',
312 verbose headers   'x-timer': 'S1502175741.341347,VS0,VE0',
312 verbose headers   vary: 'Accept-Encoding, Accept' }
313 silly get cb [ 200,
313 silly get   { server: 'nginx/1.10.3',
313 silly get     'content-type': 'application/json',
313 silly get     'last-modified': 'Tue, 08 Aug 2017 01:54:17 GMT',
313 silly get     etag: 'W/"598919c9-b32b"',
313 silly get     'content-encoding': 'gzip',
313 silly get     'cache-control': 'max-age=300',
313 silly get     'content-length': '12114',
313 silly get     'accept-ranges': 'bytes',
313 silly get     date: 'Tue, 08 Aug 2017 07:02:21 GMT',
313 silly get     via: '1.1 varnish',
313 silly get     age: '113',
313 silly get     connection: 'keep-alive',
313 silly get     'x-served-by': 'cache-nrt6123-NRT',
313 silly get     'x-cache': 'HIT',
313 silly get     'x-cache-hits': '18',
313 silly get     'x-timer': 'S1502175741.341347,VS0,VE0',
313 silly get     vary: 'Accept-Encoding, Accept' } ]
314 verbose get saving chalk to C:\Users\Administrator\AppData\Roaming\npm-cache\registry.npmjs.org\chalk\.cache.json
315 silly resolveWithNewModule chalk@1.1.3 checking installable status
316 silly cache add args [ 'chalk@^1.0.0', null ]
317 verbose cache add spec chalk@^1.0.0
318 silly cache add parsed spec Result {
318 silly cache add   raw: 'chalk@^1.0.0',
318 silly cache add   scope: null,
318 silly cache add   name: 'chalk',
318 silly cache add   rawSpec: '^1.0.0',
318 silly cache add   spec: '>=1.0.0 <2.0.0',
318 silly cache add   type: 'range' }
319 silly addNamed chalk@>=1.0.0 <2.0.0
320 verbose addNamed ">=1.0.0 <2.0.0" is a valid semver range for chalk
321 silly addNameRange { name: 'chalk', range: '>=1.0.0 <2.0.0', hasData: false }
322 silly mapToRegistry name chalk
323 silly mapToRegistry using default registry
324 silly mapToRegistry registry https://registry.npmjs.org/
325 silly mapToRegistry uri https://registry.npmjs.org/chalk
326 verbose addNameRange registry:https://registry.npmjs.org/chalk not in flight; fetching
327 verbose get https://registry.npmjs.org/chalk not expired, no request
328 silly addNameRange number 2 { name: 'chalk', range: '>=1.0.0 <2.0.0', hasData: true }
329 silly addNameRange versions [ 'chalk',
329 silly addNameRange   [ '0.1.0',
329 silly addNameRange     '0.1.1',
329 silly addNameRange     '0.2.0',
329 silly addNameRange     '0.2.1',
329 silly addNameRange     '0.3.0',
329 silly addNameRange     '0.4.0',
329 silly addNameRange     '0.5.0',
329 silly addNameRange     '0.5.1',
329 silly addNameRange     '1.0.0',
329 silly addNameRange     '1.1.0',
329 silly addNameRange     '1.1.1',
329 silly addNameRange     '1.1.2',
329 silly addNameRange     '1.1.3',
329 silly addNameRange     '2.0.0',
329 silly addNameRange     '2.0.1',
329 silly addNameRange     '2.1.0' ] ]
330 silly addNamed chalk@1.1.3
331 verbose addNamed "1.1.3" is a plain semver version for chalk
332 silly mapToRegistry name chalk
333 silly mapToRegistry using default registry
334 silly mapToRegistry registry https://registry.npmjs.org/
335 silly mapToRegistry uri https://registry.npmjs.org/chalk
336 verbose addRemoteTarball https://registry.npmjs.org/chalk/-/chalk-1.1.3.tgz not in flight; adding
337 verbose addRemoteTarball [ 'https://registry.npmjs.org/chalk/-/chalk-1.1.3.tgz',
337 verbose addRemoteTarball   'a8115c55e4a702fe4d150abd3872822a7e09fc98' ]
338 http 200 https://registry.npmjs.org/orchestrator
339 verbose headers { server: 'nginx/1.10.3',
339 verbose headers   'content-type': 'application/json',
339 verbose headers   'last-modified': 'Fri, 04 Aug 2017 10:02:15 GMT',
339 verbose headers   etag: 'W/"59844627-7e00"',
339 verbose headers   'content-encoding': 'gzip',
339 verbose headers   'cache-control': 'max-age=300',
339 verbose headers   'content-length': '5896',
339 verbose headers   'accept-ranges': 'bytes',
339 verbose headers   date: 'Tue, 08 Aug 2017 07:02:21 GMT',
339 verbose headers   via: '1.1 varnish',
339 verbose headers   age: '236',
339 verbose headers   connection: 'keep-alive',
339 verbose headers   'x-served-by': 'cache-nrt6127-NRT',
339 verbose headers   'x-cache': 'HIT',
339 verbose headers   'x-cache-hits': '4',
339 verbose headers   'x-timer': 'S1502175741.343480,VS0,VE0',
339 verbose headers   vary: 'Accept-Encoding, Accept' }
340 silly get cb [ 200,
340 silly get   { server: 'nginx/1.10.3',
340 silly get     'content-type': 'application/json',
340 silly get     'last-modified': 'Fri, 04 Aug 2017 10:02:15 GMT',
340 silly get     etag: 'W/"59844627-7e00"',
340 silly get     'content-encoding': 'gzip',
340 silly get     'cache-control': 'max-age=300',
340 silly get     'content-length': '5896',
340 silly get     'accept-ranges': 'bytes',
340 silly get     date: 'Tue, 08 Aug 2017 07:02:21 GMT',
340 silly get     via: '1.1 varnish',
340 silly get     age: '236',
340 silly get     connection: 'keep-alive',
340 silly get     'x-served-by': 'cache-nrt6127-NRT',
340 silly get     'x-cache': 'HIT',
340 silly get     'x-cache-hits': '4',
340 silly get     'x-timer': 'S1502175741.343480,VS0,VE0',
340 silly get     vary: 'Accept-Encoding, Accept' } ]
341 verbose get saving orchestrator to C:\Users\Administrator\AppData\Roaming\npm-cache\registry.npmjs.org\orchestrator\.cache.json
342 info retry fetch attempt 1 at 15:02:44
343 info attempt registry request try #1 at 15:02:44
344 http fetch GET https://registry.npmjs.org/chalk/-/chalk-1.1.3.tgz
345 silly resolveWithNewModule orchestrator@0.3.8 checking installable status
346 silly cache add args [ 'orchestrator@^0.3.0', null ]
347 verbose cache add spec orchestrator@^0.3.0
348 silly cache add parsed spec Result {
348 silly cache add   raw: 'orchestrator@^0.3.0',
348 silly cache add   scope: null,
348 silly cache add   name: 'orchestrator',
348 silly cache add   rawSpec: '^0.3.0',
348 silly cache add   spec: '>=0.3.0 <0.4.0',
348 silly cache add   type: 'range' }
349 silly addNamed orchestrator@>=0.3.0 <0.4.0
350 verbose addNamed ">=0.3.0 <0.4.0" is a valid semver range for orchestrator
351 silly addNameRange { name: 'orchestrator', range: '>=0.3.0 <0.4.0', hasData: false }
352 silly mapToRegistry name orchestrator
353 silly mapToRegistry using default registry
354 silly mapToRegistry registry https://registry.npmjs.org/
355 silly mapToRegistry uri https://registry.npmjs.org/orchestrator
356 verbose addNameRange registry:https://registry.npmjs.org/orchestrator not in flight; fetching
357 verbose get https://registry.npmjs.org/orchestrator not expired, no request
358 silly addNameRange number 2 { name: 'orchestrator', range: '>=0.3.0 <0.4.0', hasData: true }
359 silly addNameRange versions [ 'orchestrator',
359 silly addNameRange   [ '0.0.2',
359 silly addNameRange     '0.0.3',
359 silly addNameRange     '0.0.4',
359 silly addNameRange     '0.0.5',
359 silly addNameRange     '0.0.6',
359 silly addNameRange     '0.0.7',
359 silly addNameRange     '0.0.8',
359 silly addNameRange     '0.1.0',
359 silly addNameRange     '0.2.0',
359 silly addNameRange     '0.2.1',
359 silly addNameRange     '0.3.0',
359 silly addNameRange     '0.3.1',
359 silly addNameRange     '0.3.3',
359 silly addNameRange     '0.3.4',
359 silly addNameRange     '0.3.5',
359 silly addNameRange     '0.3.6',
359 silly addNameRange     '0.3.7',
359 silly addNameRange     '0.3.8' ] ]
360 silly addNamed orchestrator@0.3.8
361 verbose addNamed "0.3.8" is a plain semver version for orchestrator
362 silly mapToRegistry name orchestrator
363 silly mapToRegistry using default registry
364 silly mapToRegistry registry https://registry.npmjs.org/
365 silly mapToRegistry uri https://registry.npmjs.org/orchestrator
366 verbose addRemoteTarball https://registry.npmjs.org/orchestrator/-/orchestrator-0.3.8.tgz not in flight; adding
367 verbose addRemoteTarball [ 'https://registry.npmjs.org/orchestrator/-/orchestrator-0.3.8.tgz',
367 verbose addRemoteTarball   '14e7e9e2764f7315fbac184e506c7aa6df94ad7e' ]
368 info retry fetch attempt 1 at 15:02:45
369 info attempt registry request try #1 at 15:02:45
370 http fetch GET https://registry.npmjs.org/orchestrator/-/orchestrator-0.3.8.tgz
371 http 200 https://registry.npmjs.org/tildify
372 verbose headers { server: 'nginx/1.10.3',
372 verbose headers   'content-type': 'application/json',
372 verbose headers   'last-modified': 'Thu, 03 Aug 2017 07:46:08 GMT',
372 verbose headers   etag: 'W/"5982d4c0-25b9"',
372 verbose headers   'content-encoding': 'gzip',
372 verbose headers   'cache-control': 'max-age=300',
372 verbose headers   'content-length': '1819',
372 verbose headers   'accept-ranges': 'bytes',
372 verbose headers   date: 'Tue, 08 Aug 2017 07:02:24 GMT',
372 verbose headers   via: '1.1 varnish',
372 verbose headers   age: '181',
372 verbose headers   connection: 'keep-alive',
372 verbose headers   'x-served-by': 'cache-nrt6121-NRT',
372 verbose headers   'x-cache': 'HIT',
372 verbose headers   'x-cache-hits': '6',
372 verbose headers   'x-timer': 'S1502175744.357880,VS0,VE0',
372 verbose headers   vary: 'Accept-Encoding, Accept' }
373 silly get cb [ 200,
373 silly get   { server: 'nginx/1.10.3',
373 silly get     'content-type': 'application/json',
373 silly get     'last-modified': 'Thu, 03 Aug 2017 07:46:08 GMT',
373 silly get     etag: 'W/"5982d4c0-25b9"',
373 silly get     'content-encoding': 'gzip',
373 silly get     'cache-control': 'max-age=300',
373 silly get     'content-length': '1819',
373 silly get     'accept-ranges': 'bytes',
373 silly get     date: 'Tue, 08 Aug 2017 07:02:24 GMT',
373 silly get     via: '1.1 varnish',
373 silly get     age: '181',
373 silly get     connection: 'keep-alive',
373 silly get     'x-served-by': 'cache-nrt6121-NRT',
373 silly get     'x-cache': 'HIT',
373 silly get     'x-cache-hits': '6',
373 silly get     'x-timer': 'S1502175744.357880,VS0,VE0',
373 silly get     vary: 'Accept-Encoding, Accept' } ]
374 verbose get saving tildify to C:\Users\Administrator\AppData\Roaming\npm-cache\registry.npmjs.org\tildify\.cache.json
375 silly resolveWithNewModule tildify@1.2.0 checking installable status
376 silly cache add args [ 'tildify@^1.0.0', null ]
377 verbose cache add spec tildify@^1.0.0
378 silly cache add parsed spec Result {
378 silly cache add   raw: 'tildify@^1.0.0',
378 silly cache add   scope: null,
378 silly cache add   name: 'tildify',
378 silly cache add   rawSpec: '^1.0.0',
378 silly cache add   spec: '>=1.0.0 <2.0.0',
378 silly cache add   type: 'range' }
379 silly addNamed tildify@>=1.0.0 <2.0.0
380 verbose addNamed ">=1.0.0 <2.0.0" is a valid semver range for tildify
381 silly addNameRange { name: 'tildify', range: '>=1.0.0 <2.0.0', hasData: false }
382 silly mapToRegistry name tildify
383 silly mapToRegistry using default registry
384 silly mapToRegistry registry https://registry.npmjs.org/
385 silly mapToRegistry uri https://registry.npmjs.org/tildify
386 verbose addNameRange registry:https://registry.npmjs.org/tildify not in flight; fetching
387 verbose get https://registry.npmjs.org/tildify not expired, no request
388 silly addNameRange number 2 { name: 'tildify', range: '>=1.0.0 <2.0.0', hasData: true }
389 silly addNameRange versions [ 'tildify',
389 silly addNameRange   [ '0.1.0', '0.2.0', '1.0.0', '1.1.0', '1.1.1', '1.1.2', '1.2.0' ] ]
390 silly addNamed tildify@1.2.0
391 verbose addNamed "1.2.0" is a plain semver version for tildify
392 silly mapToRegistry name tildify
393 silly mapToRegistry using default registry
394 silly mapToRegistry registry https://registry.npmjs.org/
395 silly mapToRegistry uri https://registry.npmjs.org/tildify
396 verbose addRemoteTarball https://registry.npmjs.org/tildify/-/tildify-1.2.0.tgz not in flight; adding
397 verbose addRemoteTarball [ 'https://registry.npmjs.org/tildify/-/tildify-1.2.0.tgz',
397 verbose addRemoteTarball   'dcec03f55dca9b7aa3e5b04f21817eb56e63588a' ]
398 info retry fetch attempt 1 at 15:02:45
399 info attempt registry request try #1 at 15:02:45
400 http fetch GET https://registry.npmjs.org/tildify/-/tildify-1.2.0.tgz
401 http 200 https://registry.npmjs.org/interpret
402 verbose headers { server: 'nginx/1.10.3',
402 verbose headers   'content-type': 'application/json',
402 verbose headers   'last-modified': 'Mon, 05 Jun 2017 06:12:57 GMT',
402 verbose headers   etag: 'W/"5934f669-a57e"',
402 verbose headers   'content-encoding': 'gzip',
402 verbose headers   'cache-control': 'max-age=300',
402 verbose headers   'content-length': '5091',
402 verbose headers   'accept-ranges': 'bytes',
402 verbose headers   date: 'Tue, 08 Aug 2017 07:02:24 GMT',
402 verbose headers   via: '1.1 varnish',
402 verbose headers   age: '184',
402 verbose headers   connection: 'keep-alive',
402 verbose headers   'x-served-by': 'cache-nrt6131-NRT',
402 verbose headers   'x-cache': 'HIT',
402 verbose headers   'x-cache-hits': '13',
402 verbose headers   'x-timer': 'S1502175744.362253,VS0,VE0',
402 verbose headers   vary: 'Accept-Encoding, Accept' }
403 silly get cb [ 200,
403 silly get   { server: 'nginx/1.10.3',
403 silly get     'content-type': 'application/json',
403 silly get     'last-modified': 'Mon, 05 Jun 2017 06:12:57 GMT',
403 silly get     etag: 'W/"5934f669-a57e"',
403 silly get     'content-encoding': 'gzip',
403 silly get     'cache-control': 'max-age=300',
403 silly get     'content-length': '5091',
403 silly get     'accept-ranges': 'bytes',
403 silly get     date: 'Tue, 08 Aug 2017 07:02:24 GMT',
403 silly get     via: '1.1 varnish',
403 silly get     age: '184',
403 silly get     connection: 'keep-alive',
403 silly get     'x-served-by': 'cache-nrt6131-NRT',
403 silly get     'x-cache': 'HIT',
403 silly get     'x-cache-hits': '13',
403 silly get     'x-timer': 'S1502175744.362253,VS0,VE0',
403 silly get     vary: 'Accept-Encoding, Accept' } ]
404 verbose get saving interpret to C:\Users\Administrator\AppData\Roaming\npm-cache\registry.npmjs.org\interpret\.cache.json
405 silly resolveWithNewModule interpret@1.0.3 checking installable status
406 silly cache add args [ 'interpret@^1.0.0', null ]
407 verbose cache add spec interpret@^1.0.0
408 silly cache add parsed spec Result {
408 silly cache add   raw: 'interpret@^1.0.0',
408 silly cache add   scope: null,
408 silly cache add   name: 'interpret',
408 silly cache add   rawSpec: '^1.0.0',
408 silly cache add   spec: '>=1.0.0 <2.0.0',
408 silly cache add   type: 'range' }
409 silly addNamed interpret@>=1.0.0 <2.0.0
410 verbose addNamed ">=1.0.0 <2.0.0" is a valid semver range for interpret
411 silly addNameRange { name: 'interpret', range: '>=1.0.0 <2.0.0', hasData: false }
412 silly mapToRegistry name interpret
413 silly mapToRegistry using default registry
414 silly mapToRegistry registry https://registry.npmjs.org/
415 silly mapToRegistry uri https://registry.npmjs.org/interpret
416 verbose addNameRange registry:https://registry.npmjs.org/interpret not in flight; fetching
417 verbose get https://registry.npmjs.org/interpret not expired, no request
418 silly addNameRange number 2 { name: 'interpret', range: '>=1.0.0 <2.0.0', hasData: true }
419 silly addNameRange versions [ 'interpret',
419 silly addNameRange   [ '0.1.0',
419 silly addNameRange     '0.2.0',
419 silly addNameRange     '0.3.0',
419 silly addNameRange     '0.3.1',
419 silly addNameRange     '0.3.2',
419 silly addNameRange     '0.3.3',
419 silly addNameRange     '0.3.4',
419 silly addNameRange     '0.3.5',
419 silly addNameRange     '0.3.6',
419 silly addNameRange     '0.3.7',
419 silly addNameRange     '0.3.8',
419 silly addNameRange     '0.3.9',
419 silly addNameRange     '0.3.10',
419 silly addNameRange     '0.4.0',
419 silly addNameRange     '0.4.1',
419 silly addNameRange     '0.4.2',
419 silly addNameRange     '0.4.3',
419 silly addNameRange     '0.5.0',
419 silly addNameRange     '0.5.1',
419 silly addNameRange     '0.5.2',
419 silly addNameRange     '0.6.0',
419 silly addNameRange     '0.6.1',
419 silly addNameRange     '0.6.2',
419 silly addNameRange     '0.6.3',
419 silly addNameRange     '0.6.4',
419 silly addNameRange     '0.6.5',
419 silly addNameRange     '0.6.6',
419 silly addNameRange     '1.0.0',
419 silly addNameRange     '1.0.1',
419 silly addNameRange     '1.0.2',
419 silly addNameRange     '1.0.3' ] ]
420 silly addNamed interpret@1.0.3
421 verbose addNamed "1.0.3" is a plain semver version for interpret
422 silly mapToRegistry name interpret
423 silly mapToRegistry using default registry
424 silly mapToRegistry registry https://registry.npmjs.org/
425 silly mapToRegistry uri https://registry.npmjs.org/interpret
426 verbose addRemoteTarball https://registry.npmjs.org/interpret/-/interpret-1.0.3.tgz not in flight; adding
427 verbose addRemoteTarball [ 'https://registry.npmjs.org/interpret/-/interpret-1.0.3.tgz',
427 verbose addRemoteTarball   'cbc35c62eeee73f19ab7b10a801511401afc0f90' ]
428 info retry fetch attempt 1 at 15:02:45
429 info attempt registry request try #1 at 15:02:45
430 http fetch GET https://registry.npmjs.org/interpret/-/interpret-1.0.3.tgz
431 http 200 https://registry.npmjs.org/vinyl-fs
432 verbose headers { server: 'nginx/1.10.1',
432 verbose headers   'content-type': 'application/json',
432 verbose headers   'last-modified': 'Mon, 26 Jun 2017 22:56:29 GMT',
432 verbose headers   etag: 'W/"5951911d-138e1"',
432 verbose headers   'content-encoding': 'gzip',
432 verbose headers   'cache-control': 'max-age=300',
432 verbose headers   'content-length': '9219',
432 verbose headers   'accept-ranges': 'bytes',
432 verbose headers   date: 'Tue, 08 Aug 2017 07:02:22 GMT',
432 verbose headers   via: '1.1 varnish',
432 verbose headers   age: '183',
432 verbose headers   connection: 'keep-alive',
432 verbose headers   'x-served-by': 'cache-nrt6126-NRT',
432 verbose headers   'x-cache': 'HIT',
432 verbose headers   'x-cache-hits': '5',
432 verbose headers   'x-timer': 'S1502175742.401649,VS0,VE0',
432 verbose headers   vary: 'Accept-Encoding, Accept' }
433 silly get cb [ 200,
433 silly get   { server: 'nginx/1.10.1',
433 silly get     'content-type': 'application/json',
433 silly get     'last-modified': 'Mon, 26 Jun 2017 22:56:29 GMT',
433 silly get     etag: 'W/"5951911d-138e1"',
433 silly get     'content-encoding': 'gzip',
433 silly get     'cache-control': 'max-age=300',
433 silly get     'content-length': '9219',
433 silly get     'accept-ranges': 'bytes',
433 silly get     date: 'Tue, 08 Aug 2017 07:02:22 GMT',
433 silly get     via: '1.1 varnish',
433 silly get     age: '183',
433 silly get     connection: 'keep-alive',
433 silly get     'x-served-by': 'cache-nrt6126-NRT',
433 silly get     'x-cache': 'HIT',
433 silly get     'x-cache-hits': '5',
433 silly get     'x-timer': 'S1502175742.401649,VS0,VE0',
433 silly get     vary: 'Accept-Encoding, Accept' } ]
434 verbose get saving vinyl-fs to C:\Users\Administrator\AppData\Roaming\npm-cache\registry.npmjs.org\vinyl-fs\.cache.json
435 silly resolveWithNewModule vinyl-fs@0.3.14 checking installable status
436 silly cache add args [ 'vinyl-fs@^0.3.0', null ]
437 verbose cache add spec vinyl-fs@^0.3.0
438 silly cache add parsed spec Result {
438 silly cache add   raw: 'vinyl-fs@^0.3.0',
438 silly cache add   scope: null,
438 silly cache add   name: 'vinyl-fs',
438 silly cache add   rawSpec: '^0.3.0',
438 silly cache add   spec: '>=0.3.0 <0.4.0',
438 silly cache add   type: 'range' }
439 silly addNamed vinyl-fs@>=0.3.0 <0.4.0
440 verbose addNamed ">=0.3.0 <0.4.0" is a valid semver range for vinyl-fs
441 silly addNameRange { name: 'vinyl-fs', range: '>=0.3.0 <0.4.0', hasData: false }
442 silly mapToRegistry name vinyl-fs
443 silly mapToRegistry using default registry
444 silly mapToRegistry registry https://registry.npmjs.org/
445 silly mapToRegistry uri https://registry.npmjs.org/vinyl-fs
446 verbose addNameRange registry:https://registry.npmjs.org/vinyl-fs not in flight; fetching
447 http fetch 200 https://registry.npmjs.org/v8flags/-/v8flags-2.1.1.tgz
448 verbose get https://registry.npmjs.org/vinyl-fs not expired, no request
449 silly addNameRange number 2 { name: 'vinyl-fs', range: '>=0.3.0 <0.4.0', hasData: true }
450 silly addNameRange versions [ 'vinyl-fs',
450 silly addNameRange   [ '0.0.1',
450 silly addNameRange     '0.0.2',
450 silly addNameRange     '0.1.0',
450 silly addNameRange     '0.1.1',
450 silly addNameRange     '0.1.2',
450 silly addNameRange     '0.1.3',
450 silly addNameRange     '0.1.4',
450 silly addNameRange     '0.2.0',
450 silly addNameRange     '0.2.1',
450 silly addNameRange     '0.3.0',
450 silly addNameRange     '0.3.1',
450 silly addNameRange     '0.3.2',
450 silly addNameRange     '0.3.3',
450 silly addNameRange     '0.3.4',
450 silly addNameRange     '0.3.5',
450 silly addNameRange     '0.3.6',
450 silly addNameRange     '0.3.7',
450 silly addNameRange     '0.3.8',
450 silly addNameRange     '0.3.9',
450 silly addNameRange     '0.3.10',
450 silly addNameRange     '0.3.11',
450 silly addNameRange     '0.3.12',
450 silly addNameRange     '0.3.13',
450 silly addNameRange     '1.0.0',
450 silly addNameRange     '0.3.14',
450 silly addNameRange     '2.0.0',
450 silly addNameRange     '2.1.0',
450 silly addNameRange     '2.1.1',
450 silly addNameRange     '2.2.0',
450 silly addNameRange     '2.2.1',
450 silly addNameRange     '2.3.0',
450 silly addNameRange     '2.3.1',
450 silly addNameRange     '2.3.2',
450 silly addNameRange     '2.3.3',
450 silly addNameRange     '2.3.4',
450 silly addNameRange     '2.4.0',
450 silly addNameRange     '2.4.1',
450 silly addNameRange     '2.4.2',
450 silly addNameRange     '2.4.3',
450 silly addNameRange     '2.4.4' ] ]
451 silly addNamed vinyl-fs@0.3.14
452 verbose addNamed "0.3.14" is a plain semver version for vinyl-fs
453 silly fetchAndShaCheck shasum aab1a1fa30d45f88dd321148875ac02c0b55e5b4
454 silly mapToRegistry name vinyl-fs
455 silly mapToRegistry using default registry
456 silly mapToRegistry registry https://registry.npmjs.org/
457 silly mapToRegistry uri https://registry.npmjs.org/vinyl-fs
458 verbose addRemoteTarball https://registry.npmjs.org/vinyl-fs/-/vinyl-fs-0.3.14.tgz not in flight; adding
459 verbose addRemoteTarball [ 'https://registry.npmjs.org/vinyl-fs/-/vinyl-fs-0.3.14.tgz',
459 verbose addRemoteTarball   '9a6851ce1cac1c1cea5fe86c0931d620c2cfa9e6' ]
460 verbose addTmpTarball C:\Users\ADMINI~1\AppData\Local\Temp\npm-7556-eeb7b29b\registry.npmjs.org\v8flags\-\v8flags-2.1.1.tgz not in flight; adding
461 verbose addTmpTarball already have metadata; skipping unpack for v8flags@2.1.1
462 info retry fetch attempt 1 at 15:02:45
463 info attempt registry request try #1 at 15:02:45
464 http fetch GET https://registry.npmjs.org/vinyl-fs/-/vinyl-fs-0.3.14.tgz
465 silly cache afterAdd v8flags@2.1.1
466 verbose afterAdd C:\Users\Administrator\AppData\Roaming\npm-cache\v8flags\2.1.1\package\package.json not in flight; writing
467 verbose afterAdd C:\Users\Administrator\AppData\Roaming\npm-cache\v8flags\2.1.1\package\package.json written
468 http 200 https://registry.npmjs.org/minimist
469 verbose headers { server: 'nginx/1.10.3',
469 verbose headers   'content-type': 'application/json',
469 verbose headers   'last-modified': 'Mon, 07 Aug 2017 09:10:08 GMT',
469 verbose headers   etag: 'W/"59882e70-767d"',
469 verbose headers   'content-encoding': 'gzip',
469 verbose headers   'cache-control': 'max-age=300',
469 verbose headers   'content-length': '5885',
469 verbose headers   'accept-ranges': 'bytes',
469 verbose headers   date: 'Tue, 08 Aug 2017 07:02:24 GMT',
469 verbose headers   via: '1.1 varnish',
469 verbose headers   age: '86',
469 verbose headers   connection: 'keep-alive',
469 verbose headers   'x-served-by': 'cache-nrt6135-NRT',
469 verbose headers   'x-cache': 'HIT',
469 verbose headers   'x-cache-hits': '10',
469 verbose headers   'x-timer': 'S1502175744.360659,VS0,VE0',
469 verbose headers   vary: 'Accept-Encoding, Accept' }
470 silly get cb [ 200,
470 silly get   { server: 'nginx/1.10.3',
470 silly get     'content-type': 'application/json',
470 silly get     'last-modified': 'Mon, 07 Aug 2017 09:10:08 GMT',
470 silly get     etag: 'W/"59882e70-767d"',
470 silly get     'content-encoding': 'gzip',
470 silly get     'cache-control': 'max-age=300',
470 silly get     'content-length': '5885',
470 silly get     'accept-ranges': 'bytes',
470 silly get     date: 'Tue, 08 Aug 2017 07:02:24 GMT',
470 silly get     via: '1.1 varnish',
470 silly get     age: '86',
470 silly get     connection: 'keep-alive',
470 silly get     'x-served-by': 'cache-nrt6135-NRT',
470 silly get     'x-cache': 'HIT',
470 silly get     'x-cache-hits': '10',
470 silly get     'x-timer': 'S1502175744.360659,VS0,VE0',
470 silly get     vary: 'Accept-Encoding, Accept' } ]
471 verbose get saving minimist to C:\Users\Administrator\AppData\Roaming\npm-cache\registry.npmjs.org\minimist\.cache.json
472 silly resolveWithNewModule minimist@1.2.0 checking installable status
473 silly cache add args [ 'minimist@^1.1.0', null ]
474 verbose cache add spec minimist@^1.1.0
475 silly cache add parsed spec Result {
475 silly cache add   raw: 'minimist@^1.1.0',
475 silly cache add   scope: null,
475 silly cache add   name: 'minimist',
475 silly cache add   rawSpec: '^1.1.0',
475 silly cache add   spec: '>=1.1.0 <2.0.0',
475 silly cache add   type: 'range' }
476 silly addNamed minimist@>=1.1.0 <2.0.0
477 verbose addNamed ">=1.1.0 <2.0.0" is a valid semver range for minimist
478 silly addNameRange { name: 'minimist', range: '>=1.1.0 <2.0.0', hasData: false }
479 silly mapToRegistry name minimist
480 silly mapToRegistry using default registry
481 silly mapToRegistry registry https://registry.npmjs.org/
482 silly mapToRegistry uri https://registry.npmjs.org/minimist
483 verbose addNameRange registry:https://registry.npmjs.org/minimist not in flight; fetching
484 verbose get https://registry.npmjs.org/minimist not expired, no request
485 silly addNameRange number 2 { name: 'minimist', range: '>=1.1.0 <2.0.0', hasData: true }
486 silly addNameRange versions [ 'minimist',
486 silly addNameRange   [ '0.0.0',
486 silly addNameRange     '0.0.1',
486 silly addNameRange     '0.0.2',
486 silly addNameRange     '0.0.3',
486 silly addNameRange     '0.0.4',
486 silly addNameRange     '0.0.5',
486 silly addNameRange     '0.0.6',
486 silly addNameRange     '0.0.7',
486 silly addNameRange     '0.0.8',
486 silly addNameRange     '0.0.9',
486 silly addNameRange     '0.0.10',
486 silly addNameRange     '0.1.0',
486 silly addNameRange     '0.2.0',
486 silly addNameRange     '1.0.0',
486 silly addNameRange     '1.1.0',
486 silly addNameRange     '1.1.1',
486 silly addNameRange     '1.1.2',
486 silly addNameRange     '1.1.3',
486 silly addNameRange     '1.2.0' ] ]
487 silly addNamed minimist@1.2.0
488 verbose addNamed "1.2.0" is a plain semver version for minimist
489 silly mapToRegistry name minimist
490 silly mapToRegistry using default registry
491 silly mapToRegistry registry https://registry.npmjs.org/
492 silly mapToRegistry uri https://registry.npmjs.org/minimist
493 verbose addRemoteTarball https://registry.npmjs.org/minimist/-/minimist-1.2.0.tgz not in flight; adding
494 verbose addRemoteTarball [ 'https://registry.npmjs.org/minimist/-/minimist-1.2.0.tgz',
494 verbose addRemoteTarball   'a35008b20f41383eec1fb914f4cd5df79a264284' ]
495 info retry fetch attempt 1 at 15:02:45
496 info attempt registry request try #1 at 15:02:45
497 http fetch GET https://registry.npmjs.org/minimist/-/minimist-1.2.0.tgz
498 http fetch 200 https://registry.npmjs.org/pretty-hrtime/-/pretty-hrtime-1.0.3.tgz
499 silly fetchAndShaCheck shasum b7e3ea42435a4c9b2759d99e0f201eb195802ee1
500 verbose addTmpTarball C:\Users\ADMINI~1\AppData\Local\Temp\npm-7556-eeb7b29b\registry.npmjs.org\pretty-hrtime\-\pretty-hrtime-1.0.3.tgz not in flight; adding
501 verbose addTmpTarball already have metadata; skipping unpack for pretty-hrtime@1.0.3
502 silly cache afterAdd pretty-hrtime@1.0.3
503 verbose afterAdd C:\Users\Administrator\AppData\Roaming\npm-cache\pretty-hrtime\1.0.3\package\package.json not in flight; writing
504 verbose afterAdd C:\Users\Administrator\AppData\Roaming\npm-cache\pretty-hrtime\1.0.3\package\package.json written
505 http fetch 200 https://registry.npmjs.org/minimist/-/minimist-1.2.0.tgz
506 silly fetchAndShaCheck shasum a35008b20f41383eec1fb914f4cd5df79a264284
507 verbose addTmpTarball C:\Users\ADMINI~1\AppData\Local\Temp\npm-7556-eeb7b29b\registry.npmjs.org\minimist\-\minimist-1.2.0.tgz not in flight; adding
508 verbose addTmpTarball already have metadata; skipping unpack for minimist@1.2.0
509 silly cache afterAdd minimist@1.2.0
510 verbose afterAdd C:\Users\Administrator\AppData\Roaming\npm-cache\minimist\1.2.0\package\package.json not in flight; writing
511 verbose afterAdd C:\Users\Administrator\AppData\Roaming\npm-cache\minimist\1.2.0\package\package.json written
512 http fetch 200 https://registry.npmjs.org/chalk/-/chalk-1.1.3.tgz
513 silly fetchAndShaCheck shasum a8115c55e4a702fe4d150abd3872822a7e09fc98
514 verbose addTmpTarball C:\Users\ADMINI~1\AppData\Local\Temp\npm-7556-eeb7b29b\registry.npmjs.org\chalk\-\chalk-1.1.3.tgz not in flight; adding
515 verbose addTmpTarball already have metadata; skipping unpack for chalk@1.1.3
516 silly cache afterAdd chalk@1.1.3
517 verbose afterAdd C:\Users\Administrator\AppData\Roaming\npm-cache\chalk\1.1.3\package\package.json not in flight; writing
518 verbose afterAdd C:\Users\Administrator\AppData\Roaming\npm-cache\chalk\1.1.3\package\package.json written
519 http fetch 200 https://registry.npmjs.org/semver/-/semver-4.3.6.tgz
520 http fetch 200 https://registry.npmjs.org/vinyl-fs/-/vinyl-fs-0.3.14.tgz
521 silly fetchAndShaCheck shasum 9a6851ce1cac1c1cea5fe86c0931d620c2cfa9e6
522 verbose addTmpTarball C:\Users\ADMINI~1\AppData\Local\Temp\npm-7556-eeb7b29b\registry.npmjs.org\vinyl-fs\-\vinyl-fs-0.3.14.tgz not in flight; adding
523 verbose addTmpTarball already have metadata; skipping unpack for vinyl-fs@0.3.14
524 silly cache afterAdd vinyl-fs@0.3.14
525 verbose afterAdd C:\Users\Administrator\AppData\Roaming\npm-cache\vinyl-fs\0.3.14\package\package.json not in flight; writing
526 verbose afterAdd C:\Users\Administrator\AppData\Roaming\npm-cache\vinyl-fs\0.3.14\package\package.json written
527 http fetch 200 https://registry.npmjs.org/orchestrator/-/orchestrator-0.3.8.tgz
528 silly fetchAndShaCheck shasum 14e7e9e2764f7315fbac184e506c7aa6df94ad7e
529 verbose addTmpTarball C:\Users\ADMINI~1\AppData\Local\Temp\npm-7556-eeb7b29b\registry.npmjs.org\orchestrator\-\orchestrator-0.3.8.tgz not in flight; adding
530 verbose addTmpTarball already have metadata; skipping unpack for orchestrator@0.3.8
531 silly cache afterAdd orchestrator@0.3.8
532 verbose afterAdd C:\Users\Administrator\AppData\Roaming\npm-cache\orchestrator\0.3.8\package\package.json not in flight; writing
533 verbose afterAdd C:\Users\Administrator\AppData\Roaming\npm-cache\orchestrator\0.3.8\package\package.json written
534 http fetch 200 https://registry.npmjs.org/interpret/-/interpret-1.0.3.tgz
535 silly fetchAndShaCheck shasum cbc35c62eeee73f19ab7b10a801511401afc0f90
536 verbose addTmpTarball C:\Users\ADMINI~1\AppData\Local\Temp\npm-7556-eeb7b29b\registry.npmjs.org\interpret\-\interpret-1.0.3.tgz not in flight; adding
537 verbose addTmpTarball already have metadata; skipping unpack for interpret@1.0.3
538 silly cache afterAdd interpret@1.0.3
539 verbose afterAdd C:\Users\Administrator\AppData\Roaming\npm-cache\interpret\1.0.3\package\package.json not in flight; writing
540 verbose afterAdd C:\Users\Administrator\AppData\Roaming\npm-cache\interpret\1.0.3\package\package.json written
541 http fetch 200 https://registry.npmjs.org/tildify/-/tildify-1.2.0.tgz
542 silly fetchAndShaCheck shasum dcec03f55dca9b7aa3e5b04f21817eb56e63588a
543 verbose addTmpTarball C:\Users\ADMINI~1\AppData\Local\Temp\npm-7556-eeb7b29b\registry.npmjs.org\tildify\-\tildify-1.2.0.tgz not in flight; adding
544 verbose addTmpTarball already have metadata; skipping unpack for tildify@1.2.0
545 silly cache afterAdd tildify@1.2.0
546 verbose afterAdd C:\Users\Administrator\AppData\Roaming\npm-cache\tildify\1.2.0\package\package.json not in flight; writing
547 verbose afterAdd C:\Users\Administrator\AppData\Roaming\npm-cache\tildify\1.2.0\package\package.json written
548 http 200 https://registry.npmjs.org/liftoff
549 verbose headers { server: 'nginx/1.10.1',
549 verbose headers   'content-type': 'application/json',
549 verbose headers   'last-modified': 'Mon, 17 Jul 2017 07:21:31 GMT',
549 verbose headers   etag: 'W/"596c657b-130ee"',
549 verbose headers   'content-encoding': 'gzip',
549 verbose headers   'cache-control': 'max-age=300',
549 verbose headers   'content-length': '10244',
549 verbose headers   'accept-ranges': 'bytes',
549 verbose headers   date: 'Tue, 08 Aug 2017 07:02:29 GMT',
549 verbose headers   via: '1.1 varnish',
549 verbose headers   age: '129',
549 verbose headers   connection: 'keep-alive',
549 verbose headers   'x-served-by': 'cache-nrt6120-NRT',
549 verbose headers   'x-cache': 'HIT',
549 verbose headers   'x-cache-hits': '2',
549 verbose headers   'x-timer': 'S1502175750.599107,VS0,VE0',
549 verbose headers   vary: 'Accept-Encoding, Accept' }
550 silly get cb [ 200,
550 silly get   { server: 'nginx/1.10.1',
550 silly get     'content-type': 'application/json',
550 silly get     'last-modified': 'Mon, 17 Jul 2017 07:21:31 GMT',
550 silly get     etag: 'W/"596c657b-130ee"',
550 silly get     'content-encoding': 'gzip',
550 silly get     'cache-control': 'max-age=300',
550 silly get     'content-length': '10244',
550 silly get     'accept-ranges': 'bytes',
550 silly get     date: 'Tue, 08 Aug 2017 07:02:29 GMT',
550 silly get     via: '1.1 varnish',
550 silly get     age: '129',
550 silly get     connection: 'keep-alive',
550 silly get     'x-served-by': 'cache-nrt6120-NRT',
550 silly get     'x-cache': 'HIT',
550 silly get     'x-cache-hits': '2',
550 silly get     'x-timer': 'S1502175750.599107,VS0,VE0',
550 silly get     vary: 'Accept-Encoding, Accept' } ]
551 verbose get saving liftoff to C:\Users\Administrator\AppData\Roaming\npm-cache\registry.npmjs.org\liftoff\.cache.json
552 silly resolveWithNewModule liftoff@2.3.0 checking installable status
553 silly cache add args [ 'liftoff@^2.1.0', null ]
554 verbose cache add spec liftoff@^2.1.0
555 silly cache add parsed spec Result {
555 silly cache add   raw: 'liftoff@^2.1.0',
555 silly cache add   scope: null,
555 silly cache add   name: 'liftoff',
555 silly cache add   rawSpec: '^2.1.0',
555 silly cache add   spec: '>=2.1.0 <3.0.0',
555 silly cache add   type: 'range' }
556 silly addNamed liftoff@>=2.1.0 <3.0.0
557 verbose addNamed ">=2.1.0 <3.0.0" is a valid semver range for liftoff
558 silly addNameRange { name: 'liftoff', range: '>=2.1.0 <3.0.0', hasData: false }
559 silly mapToRegistry name liftoff
560 silly mapToRegistry using default registry
561 silly mapToRegistry registry https://registry.npmjs.org/
562 silly mapToRegistry uri https://registry.npmjs.org/liftoff
563 verbose addNameRange registry:https://registry.npmjs.org/liftoff not in flight; fetching
564 verbose get https://registry.npmjs.org/liftoff not expired, no request
565 silly addNameRange number 2 { name: 'liftoff', range: '>=2.1.0 <3.0.0', hasData: true }
566 silly addNameRange versions [ 'liftoff',
566 silly addNameRange   [ '0.1.0',
566 silly addNameRange     '0.2.0',
566 silly addNameRange     '0.3.0',
566 silly addNameRange     '0.4.0',
566 silly addNameRange     '0.5.0',
566 silly addNameRange     '0.6.0',
566 silly addNameRange     '0.7.0',
566 silly addNameRange     '0.8.0',
566 silly addNameRange     '0.8.1',
566 silly addNameRange     '0.8.2',
566 silly addNameRange     '0.8.3',
566 silly addNameRange     '0.8.4',
566 silly addNameRange     '0.8.5',
566 silly addNameRange     '0.8.6',
566 silly addNameRange     '0.8.7',
566 silly addNameRange     '0.9.0',
566 silly addNameRange     '0.9.1',
566 silly addNameRange     '0.9.2',
566 silly addNameRange     '0.9.3',
566 silly addNameRange     '0.9.4',
566 silly addNameRange     '0.9.5',
566 silly addNameRange     '0.9.6',
566 silly addNameRange     '0.9.7',
566 silly addNameRange     '0.9.8',
566 silly addNameRange     '0.10.0',
566 silly addNameRange     '0.11.0',
566 silly addNameRange     '0.11.1',
566 silly addNameRange     '0.11.2',
566 silly addNameRange     '0.11.3',
566 silly addNameRange     '0.12.0',
566 silly addNameRange     '0.12.1',
566 silly addNameRange     '0.13.0',
566 silly addNameRange     '0.13.1',
566 silly addNameRange     '0.13.2',
566 silly addNameRange     '0.13.3',
566 silly addNameRange     '0.13.5',
566 silly addNameRange     '0.13.6',
566 silly addNameRange     '1.0.0',
566 silly addNameRange     '1.0.2',
566 silly addNameRange     '1.0.3',
566 silly addNameRange     '1.0.4',
566 silly addNameRange     '2.0.0',
566 silly addNameRange     '2.0.1',
566 silly addNameRange     '2.0.2',
566 silly addNameRange     '2.0.3',
566 silly addNameRange     '2.1.0',
566 silly addNameRange     '2.2.0',
566 silly addNameRange     '2.2.1',
566 silly addNameRange     '2.2.3',
566 silly addNameRange     '2.2.4',
566 silly addNameRange     '2.2.5',
566 silly addNameRange     '2.3.0' ] ]
567 silly addNamed liftoff@2.3.0
568 verbose addNamed "2.3.0" is a plain semver version for liftoff
569 silly mapToRegistry name liftoff
570 silly mapToRegistry using default registry
571 silly mapToRegistry registry https://registry.npmjs.org/
572 silly mapToRegistry uri https://registry.npmjs.org/liftoff
573 verbose addRemoteTarball https://registry.npmjs.org/liftoff/-/liftoff-2.3.0.tgz not in flight; adding
574 verbose addRemoteTarball [ 'https://registry.npmjs.org/liftoff/-/liftoff-2.3.0.tgz',
574 verbose addRemoteTarball   'a98f2ff67183d8ba7cfaca10548bd7ff0550b385' ]
575 info retry fetch attempt 1 at 15:02:56
576 info attempt registry request try #1 at 15:02:56
577 http fetch GET https://registry.npmjs.org/liftoff/-/liftoff-2.3.0.tgz
578 http fetch 200 https://registry.npmjs.org/liftoff/-/liftoff-2.3.0.tgz
579 http 200 https://registry.npmjs.org/deprecated
580 verbose headers { server: 'nginx/1.10.3',
580 verbose headers   'content-type': 'application/json',
580 verbose headers   'last-modified': 'Fri, 04 Aug 2017 10:06:36 GMT',
580 verbose headers   etag: 'W/"5984472c-1484"',
580 verbose headers   'content-encoding': 'gzip',
580 verbose headers   'cache-control': 'max-age=300',
580 verbose headers   'content-length': '1540',
580 verbose headers   'accept-ranges': 'bytes',
580 verbose headers   date: 'Tue, 08 Aug 2017 07:02:23 GMT',
580 verbose headers   via: '1.1 varnish',
580 verbose headers   age: '137',
580 verbose headers   connection: 'keep-alive',
580 verbose headers   'x-served-by': 'cache-nrt6132-NRT',
580 verbose headers   'x-cache': 'HIT',
580 verbose headers   'x-cache-hits': '3',
580 verbose headers   'x-timer': 'S1502175743.033402,VS0,VE0',
580 verbose headers   vary: 'Accept-Encoding, Accept' }
581 silly get cb [ 200,
581 silly get   { server: 'nginx/1.10.3',
581 silly get     'content-type': 'application/json',
581 silly get     'last-modified': 'Fri, 04 Aug 2017 10:06:36 GMT',
581 silly get     etag: 'W/"5984472c-1484"',
581 silly get     'content-encoding': 'gzip',
581 silly get     'cache-control': 'max-age=300',
581 silly get     'content-length': '1540',
581 silly get     'accept-ranges': 'bytes',
581 silly get     date: 'Tue, 08 Aug 2017 07:02:23 GMT',
581 silly get     via: '1.1 varnish',
581 silly get     age: '137',
581 silly get     connection: 'keep-alive',
581 silly get     'x-served-by': 'cache-nrt6132-NRT',
581 silly get     'x-cache': 'HIT',
581 silly get     'x-cache-hits': '3',
581 silly get     'x-timer': 'S1502175743.033402,VS0,VE0',
581 silly get     vary: 'Accept-Encoding, Accept' } ]
582 verbose get saving deprecated to C:\Users\Administrator\AppData\Roaming\npm-cache\registry.npmjs.org\deprecated\.cache.json
583 silly resolveWithNewModule deprecated@0.0.1 checking installable status
584 silly cache add args [ 'deprecated@^0.0.1', null ]
585 verbose cache add spec deprecated@^0.0.1
586 silly cache add parsed spec Result {
586 silly cache add   raw: 'deprecated@^0.0.1',
586 silly cache add   scope: null,
586 silly cache add   name: 'deprecated',
586 silly cache add   rawSpec: '^0.0.1',
586 silly cache add   spec: '>=0.0.1 <0.0.2',
586 silly cache add   type: 'range' }
587 silly addNamed deprecated@>=0.0.1 <0.0.2
588 verbose addNamed ">=0.0.1 <0.0.2" is a valid semver range for deprecated
589 silly addNameRange { name: 'deprecated', range: '>=0.0.1 <0.0.2', hasData: false }
590 silly mapToRegistry name deprecated
591 silly mapToRegistry using default registry
592 silly mapToRegistry registry https://registry.npmjs.org/
593 silly mapToRegistry uri https://registry.npmjs.org/deprecated
594 verbose addNameRange registry:https://registry.npmjs.org/deprecated not in flight; fetching
595 verbose get https://registry.npmjs.org/deprecated not expired, no request
596 silly addNameRange number 2 { name: 'deprecated', range: '>=0.0.1 <0.0.2', hasData: true }
597 silly addNameRange versions [ 'deprecated', [ '0.0.1', '0.0.2' ] ]
598 silly addNamed deprecated@0.0.1
599 verbose addNamed "0.0.1" is a plain semver version for deprecated
600 silly mapToRegistry name deprecated
601 silly mapToRegistry using default registry
602 silly mapToRegistry registry https://registry.npmjs.org/
603 silly mapToRegistry uri https://registry.npmjs.org/deprecated
604 verbose addRemoteTarball https://registry.npmjs.org/deprecated/-/deprecated-0.0.1.tgz not in flight; adding
605 verbose addRemoteTarball [ 'https://registry.npmjs.org/deprecated/-/deprecated-0.0.1.tgz',
605 verbose addRemoteTarball   'f9c9af5464afa1e7a971458a8bdef2aa94d5bb19' ]
606 info retry fetch attempt 1 at 15:02:58
607 info attempt registry request try #1 at 15:02:58
608 http fetch GET https://registry.npmjs.org/deprecated/-/deprecated-0.0.1.tgz
609 http fetch 200 https://registry.npmjs.org/deprecated/-/deprecated-0.0.1.tgz
610 silly fetchAndShaCheck shasum f9c9af5464afa1e7a971458a8bdef2aa94d5bb19
611 verbose addTmpTarball C:\Users\ADMINI~1\AppData\Local\Temp\npm-7556-eeb7b29b\registry.npmjs.org\deprecated\-\deprecated-0.0.1.tgz not in flight; adding
612 verbose addTmpTarball already have metadata; skipping unpack for deprecated@0.0.1
613 silly cache afterAdd deprecated@0.0.1
614 verbose afterAdd C:\Users\Administrator\AppData\Roaming\npm-cache\deprecated\0.0.1\package\package.json not in flight; writing
615 verbose afterAdd C:\Users\Administrator\AppData\Roaming\npm-cache\deprecated\0.0.1\package\package.json written
616 silly fetchAndShaCheck shasum a98f2ff67183d8ba7cfaca10548bd7ff0550b385
617 verbose addTmpTarball C:\Users\ADMINI~1\AppData\Local\Temp\npm-7556-eeb7b29b\registry.npmjs.org\liftoff\-\liftoff-2.3.0.tgz not in flight; adding
618 verbose addTmpTarball already have metadata; skipping unpack for liftoff@2.3.0
619 silly cache afterAdd liftoff@2.3.0
620 verbose afterAdd C:\Users\Administrator\AppData\Roaming\npm-cache\liftoff\2.3.0\package\package.json not in flight; writing
621 verbose afterAdd C:\Users\Administrator\AppData\Roaming\npm-cache\liftoff\2.3.0\package\package.json written
622 silly fetchAndShaCheck shasum 300bc6e0e86374f7ba61068b5b1ecd57fc6532da
623 verbose addTmpTarball C:\Users\ADMINI~1\AppData\Local\Temp\npm-7556-eeb7b29b\registry.npmjs.org\semver\-\semver-4.3.6.tgz not in flight; adding
624 verbose addTmpTarball already have metadata; skipping unpack for semver@4.3.6
625 silly cache afterAdd semver@4.3.6
626 verbose afterAdd C:\Users\Administrator\AppData\Roaming\npm-cache\semver\4.3.6\package\package.json not in flight; writing
627 verbose afterAdd C:\Users\Administrator\AppData\Roaming\npm-cache\semver\4.3.6\package\package.json written
628 verbose stack Error: read ECONNRESET
628 verbose stack     at exports._errnoException (util.js:856:11)
628 verbose stack     at TLSWrap.onread (net.js:545:26)
629 verbose cwd E:\gitlianxi
630 error Windows_NT 6.1.7601
631 error argv "E:\\就业课本\\移动外部\\ndjs\\node.exe" "E:\\就业课本\\移动外部\\ndjs\\node_modules\\npm\\bin\\npm-cli.js" "install" "gulp" "--global"
632 error node v5.2.0
633 error npm  v3.3.12
634 error code ECONNRESET
635 error errno ECONNRESET
636 error syscall read
637 error network read ECONNRESET
637 error network This is most likely not a problem with npm itself
637 error network and is related to network connectivity.
637 error network In most cases you are behind a proxy or have bad network settings.
637 error network
637 error network If you are behind a proxy, please make sure that the
637 error network 'proxy' config is set properly.  See: 'npm help config'
638 verbose exit [ 1, true ]
